<?xml version="1.0" encoding="UTF-8"?>
<testsuite name="chess.connection.XBoardHandlerTest" tests="9" skipped="0" failures="0" errors="0" timestamp="2020-08-01T09:43:40" hostname="lx8-fuxi076" time="0.03">
  <properties/>
  <testcase name="xBoardHandlerIsAbleToHandleTimeForOpponent" classname="chess.connection.XBoardHandlerTest" time="0.003"/>
  <testcase name="xBoardHandlerDoesntCrashOnStartupAsWhiteWithBlankInputIncluded" classname="chess.connection.XBoardHandlerTest" time="0.004"/>
  <testcase name="xBoardHandlerIsAbleToHandleTimeForPlayer" classname="chess.connection.XBoardHandlerTest" time="0.007"/>
  <testcase name="xBoardHandlerIsAbleToHandleIncomingMoves" classname="chess.connection.XBoardHandlerTest" time="0.002"/>
  <testcase name="xBoardHandlerIsAbleToMakeNewMoves" classname="chess.connection.XBoardHandlerTest" time="0.002"/>
  <testcase name="xBoardHandlerDoesntCrashOnStartupAsBlackWithOpeningMove" classname="chess.connection.XBoardHandlerTest" time="0.003"/>
  <testcase name="xBoardHandlerDoesntCrashOnStartupAsBlack" classname="chess.connection.XBoardHandlerTest" time="0.001"/>
  <testcase name="xBoardHandlerDoesntCrashOnStartupAsWhite" classname="chess.connection.XBoardHandlerTest" time="0.002"/>
  <testcase name="xBoardHandlerDoesntCrashOnStartupAsWhiteWithBlankInputBeforeProtover" classname="chess.connection.XBoardHandlerTest" time="0.002"/>
  <system-out><![CDATA[feature done=0 sigint=0 sigterm=0 reuse=0 usermove=1 myname="tira-chess" done=1

feature done=0 sigint=0 sigterm=0 reuse=0 usermove=1 myname="tira-chess" done=1

move g2g3

feature done=0 sigint=0 sigterm=0 reuse=0 usermove=1 myname="tira-chess" done=1

feature done=0 sigint=0 sigterm=0 reuse=0 usermove=1 myname="tira-chess" done=1

feature done=0 sigint=0 sigterm=0 reuse=0 usermove=1 myname="tira-chess" done=1

feature done=0 sigint=0 sigterm=0 reuse=0 usermove=1 myname="tira-chess" done=1

move g7g5

feature done=0 sigint=0 sigterm=0 reuse=0 usermove=1 myname="tira-chess" done=1

feature done=0 sigint=0 sigterm=0 reuse=0 usermove=1 myname="tira-chess" done=1

move g1h3

feature done=0 sigint=0 sigterm=0 reuse=0 usermove=1 myname="tira-chess" done=1

move a2a3

]]></system-out>
  <system-err><![CDATA[]]></system-err>
</testsuite>
