<?xml version="1.0" encoding="UTF-8"?>
<testsuite name="logging.LoggerTest" tests="7" skipped="0" failures="0" errors="0" timestamp="2020-08-01T09:43:39" hostname="lx8-fuxi076" time="0.056">
  <properties/>
  <testcase name="afterWritingFileContainsError" classname="logging.LoggerTest" time="0.046"/>
  <testcase name="afterWritingFileContainsMessage" classname="logging.LoggerTest" time="0.002"/>
  <testcase name="afterWritingErrorLogFileExists" classname="logging.LoggerTest" time="0.001"/>
  <testcase name="writingErrorWorks" classname="logging.LoggerTest" time="0.001"/>
  <testcase name="writingMessageWorks" classname="logging.LoggerTest" time="0.001"/>
  <testcase name="afterWritingLogFileExists" classname="logging.LoggerTest" time="0.001"/>
  <testcase name="writingToInMemoryLogWorks" classname="logging.LoggerTest" time="0.002"/>
  <system-out><![CDATA[]]></system-out>
  <system-err><![CDATA[]]></system-err>
</testsuite>
