<?xml version="1.0" encoding="UTF-8"?>
<testsuite name="chess.engine.GameStateTest" tests="19" skipped="0" failures="0" errors="0" timestamp="2020-08-01T09:43:40" hostname="lx8-fuxi076" time="0.051">
  <properties/>
  <testcase name="gameStateReadsWhiteAndBlackTimesCorrectly" classname="chess.engine.GameStateTest" time="0.026"/>
  <testcase name="gameStateGivesCorrectMoveCount" classname="chess.engine.GameStateTest" time="0.001"/>
  <testcase name="gameStateParsesSingleLineJson" classname="chess.engine.GameStateTest" time="0.001"/>
  <testcase name="gameStateSetWhiteTimeCorrectly" classname="chess.engine.GameStateTest" time="0.0"/>
  <testcase name="gameStatePlayersReadCorrectly" classname="chess.engine.GameStateTest" time="0.0"/>
  <testcase name="gameStateMovesReadCorrectly" classname="chess.engine.GameStateTest" time="0.002"/>
  <testcase name="gameStateUpdateFromGameFullWorks" classname="chess.engine.GameStateTest" time="0.006"/>
  <testcase name="gameStateParsesJson" classname="chess.engine.GameStateTest" time="0.001"/>
  <testcase name="gameStateGivesLatestMoveCorrectly" classname="chess.engine.GameStateTest" time="0.001"/>
  <testcase name="setMovesSetsMovesCorrectlyWithBrackets" classname="chess.engine.GameStateTest" time="0.003"/>
  <testcase name="setMovesSetsMovesCorrectly" classname="chess.engine.GameStateTest" time="0.001"/>
  <testcase name="gameStateReadsRemainingTimeCorrectly" classname="chess.engine.GameStateTest" time="0.0"/>
  <testcase name="gameStateUpdateFromEmptyMovesWorks" classname="chess.engine.GameStateTest" time="0.0"/>
  <testcase name="gameStateSetBlackOpponentTimeCorrectly" classname="chess.engine.GameStateTest" time="0.001"/>
  <testcase name="gameStateGivesCorrectTurnCount" classname="chess.engine.GameStateTest" time="0.0"/>
  <testcase name="gameStateIdReadCorrectly" classname="chess.engine.GameStateTest" time="0.001"/>
  <testcase name="gameStateReadsOpponentTimeCorrectly" classname="chess.engine.GameStateTest" time="0.0"/>
  <testcase name="gameStateMovesUpdateCorrectly" classname="chess.engine.GameStateTest" time="0.0"/>
  <testcase name="gameStateGivesMyTurnCorrectly" classname="chess.engine.GameStateTest" time="0.0"/>
  <system-out><![CDATA[e2e4
c7c5
f2f4
d7d6
g1f3
b8c6
f1c4
g8f6
d2d3
g7g6
e1g1
f8g7
]]></system-out>
  <system-err><![CDATA[]]></system-err>
</testsuite>
