<?xml version="1.0" encoding="UTF-8"?>
<testsuite name="chess.model.EventTest" tests="5" skipped="0" failures="0" errors="0" timestamp="2020-08-01T09:43:44" hostname="lx8-fuxi076" time="0.005">
  <properties/>
  <testcase name="eventParsesJson" classname="chess.model.EventTest" time="0.001"/>
  <testcase name="challengeTypeReadCorrectly" classname="chess.model.EventTest" time="0.0"/>
  <testcase name="challengeIdReadCorrectly" classname="chess.model.EventTest" time="0.001"/>
  <testcase name="gameStartIdReadCorrectly" classname="chess.model.EventTest" time="0.0"/>
  <testcase name="gameStartTypeReadCorrectly" classname="chess.model.EventTest" time="0.0"/>
  <system-out><![CDATA[]]></system-out>
  <system-err><![CDATA[]]></system-err>
</testsuite>
